<?xml version="1.0" encoding="UTF-8"?>
<!-- Generated by org.testng.reporters.JUnitReportReporter -->
<testsuite skipped="0" hostname="TYSS-TR-0023" name="extentReporsts.demo" tests="1" failures="0" timestamp="07 Mar 2019 07:06:47 GMT" time="0.082" errors="0">
  <testcase name="demoLog4j" time="0.082" classname="extentReporsts.demo"/>
</testsuite> <!-- extentReporsts.demo -->
